<?xml version="1.0" encoding="UTF-8"?>
<!-- Generated by org.testng.reporters.JUnitReportReporter -->
<testsuite hostname="SYSLP2084" failures="0" tests="4" name="com.testng.login" time="27.046" errors="0" timestamp="2024-10-28T20:40:46 IST" skipped="0">
  <testcase classname="com.testng.login" name="testLogin" time="8.080"/>
  <testcase classname="com.testng.login" name="Beverages" time="7.016"/>
  <testcase classname="com.testng.login" name="Seasonings" time="10.275"/>
  <testcase classname="com.testng.login" name="paymentmethod" time="1.675"/>
</testsuite> <!-- com.testng.login -->
